{"/Users/oddjobsman/Projects/gulp-sloc/index.js":{"path":"/Users/oddjobsman/Projects/gulp-sloc/index.js","s":{"1":1,"2":1,"3":1,"4":1,"5":1,"6":1,"7":7,"8":7,"9":7,"10":7,"11":7,"12":7,"13":0,"14":7,"15":7,"16":1,"17":4,"18":4,"19":4,"20":1,"21":19,"22":19,"23":19,"24":0,"25":19,"26":19,"27":3,"28":16,"29":3,"30":16,"31":16,"32":96,"33":16,"34":1,"35":3,"36":3,"37":3,"38":3,"39":3,"40":3,"41":3,"42":3,"43":3,"44":3,"45":3,"46":3,"47":3,"48":7,"49":7,"50":1},"b":{"1":[7,2],"2":[0,7],"3":[7,4],"4":[0,19],"5":[19,0],"6":[3,16],"7":[19,9],"8":[3,13],"9":[1,2],"10":[4,3]},"f":{"1":7,"2":7,"3":4,"4":19,"5":96,"6":3},"fnMap":{"1":{"name":"gulpSloc","line":9,"loc":{"start":{"line":9,"column":0},"end":{"line":9,"column":27}}},"2":{"name":"(anonymous_2)","line":25,"loc":{"start":{"line":25,"column":10},"end":{"line":25,"column":22}}},"3":{"name":"writeJsonReport","line":29,"loc":{"start":{"line":29,"column":4},"end":{"line":29,"column":31}}},"4":{"name":"calculateSloc","line":41,"loc":{"start":{"line":41,"column":4},"end":{"line":41,"column":33}}},"5":{"name":"(anonymous_5)","line":58,"loc":{"start":{"line":58,"column":48},"end":{"line":58,"column":63}}},"6":{"name":"printReport","line":65,"loc":{"start":{"line":65,"column":4},"end":{"line":65,"column":27}}}},"statementMap":{"1":{"start":{"line":3,"column":0},"end":{"line":3,"column":27}},"2":{"start":{"line":4,"column":0},"end":{"line":4,"column":26}},"3":{"start":{"line":5,"column":0},"end":{"line":5,"column":33}},"4":{"start":{"line":6,"column":0},"end":{"line":6,"column":33}},"5":{"start":{"line":7,"column":0},"end":{"line":7,"column":27}},"6":{"start":{"line":9,"column":0},"end":{"line":92,"column":1}},"7":{"start":{"line":10,"column":2},"end":{"line":10,"column":103}},"8":{"start":{"line":11,"column":2},"end":{"line":11,"column":22}},"9":{"start":{"line":12,"column":2},"end":{"line":12,"column":28}},"10":{"start":{"line":13,"column":2},"end":{"line":13,"column":24}},"11":{"start":{"line":15,"column":2},"end":{"line":19,"column":22}},"12":{"start":{"line":21,"column":2},"end":{"line":23,"column":3}},"13":{"start":{"line":22,"column":4},"end":{"line":22,"column":122}},"14":{"start":{"line":25,"column":2},"end":{"line":91,"column":7}},"15":{"start":{"line":27,"column":4},"end":{"line":27,"column":86}},"16":{"start":{"line":29,"column":4},"end":{"line":39,"column":5}},"17":{"start":{"line":32,"column":6},"end":{"line":35,"column":9}},"18":{"start":{"line":37,"column":6},"end":{"line":37,"column":36}},"19":{"start":{"line":38,"column":6},"end":{"line":38,"column":23}},"20":{"start":{"line":41,"column":4},"end":{"line":63,"column":5}},"21":{"start":{"line":42,"column":6},"end":{"line":42,"column":50}},"22":{"start":{"line":43,"column":6},"end":{"line":43,"column":40}},"23":{"start":{"line":45,"column":6},"end":{"line":46,"column":15}},"24":{"start":{"line":46,"column":8},"end":{"line":46,"column":15}},"25":{"start":{"line":48,"column":6},"end":{"line":48,"column":70}},"26":{"start":{"line":52,"column":6},"end":{"line":53,"column":60}},"27":{"start":{"line":52,"column":68},"end":{"line":52,"column":79}},"28":{"start":{"line":53,"column":11},"end":{"line":53,"column":60}},"29":{"start":{"line":53,"column":53},"end":{"line":53,"column":60}},"30":{"start":{"line":55,"column":6},"end":{"line":55,"column":36}},"31":{"start":{"line":58,"column":6},"end":{"line":60,"column":9}},"32":{"start":{"line":59,"column":8},"end":{"line":59,"column":36}},"33":{"start":{"line":62,"column":6},"end":{"line":62,"column":25}},"34":{"start":{"line":65,"column":4},"end":{"line":86,"column":5}},"35":{"start":{"line":68,"column":6},"end":{"line":68,"column":45}},"36":{"start":{"line":69,"column":6},"end":{"line":69,"column":76}},"37":{"start":{"line":70,"column":6},"end":{"line":70,"column":77}},"38":{"start":{"line":71,"column":6},"end":{"line":71,"column":76}},"39":{"start":{"line":72,"column":6},"end":{"line":72,"column":64}},"40":{"start":{"line":73,"column":6},"end":{"line":73,"column":64}},"41":{"start":{"line":74,"column":6},"end":{"line":74,"column":75}},"42":{"start":{"line":75,"column":6},"end":{"line":75,"column":14}},"43":{"start":{"line":76,"column":6},"end":{"line":76,"column":77}},"44":{"start":{"line":78,"column":6},"end":{"line":80,"column":58}},"45":{"start":{"line":82,"column":6},"end":{"line":82,"column":23}},"46":{"start":{"line":83,"column":6},"end":{"line":83,"column":45}},"47":{"start":{"line":85,"column":6},"end":{"line":85,"column":23}},"48":{"start":{"line":88,"column":4},"end":{"line":88,"column":77}},"49":{"start":{"line":90,"column":4},"end":{"line":90,"column":43}},"50":{"start":{"line":94,"column":0},"end":{"line":94,"column":26}}},"branchMap":{"1":{"line":19,"type":"binary-expr","locations":[{"start":{"line":19,"column":6},"end":{"line":19,"column":13}},{"start":{"line":19,"column":17},"end":{"line":19,"column":19}}]},"2":{"line":21,"type":"if","locations":[{"start":{"line":21,"column":2},"end":{"line":21,"column":2}},{"start":{"line":21,"column":2},"end":{"line":21,"column":2}}]},"3":{"line":21,"type":"binary-expr","locations":[{"start":{"line":21,"column":6},"end":{"line":21,"column":35}},{"start":{"line":21,"column":39},"end":{"line":21,"column":68}}]},"4":{"line":45,"type":"if","locations":[{"start":{"line":45,"column":6},"end":{"line":45,"column":6}},{"start":{"line":45,"column":6},"end":{"line":45,"column":6}}]},"5":{"line":48,"type":"cond-expr","locations":[{"start":{"line":48,"column":38},"end":{"line":48,"column":63}},{"start":{"line":48,"column":66},"end":{"line":48,"column":69}}]},"6":{"line":52,"type":"if","locations":[{"start":{"line":52,"column":6},"end":{"line":52,"column":6}},{"start":{"line":52,"column":6},"end":{"line":52,"column":6}}]},"7":{"line":52,"type":"binary-expr","locations":[{"start":{"line":52,"column":10},"end":{"line":52,"column":26}},{"start":{"line":52,"column":30},"end":{"line":52,"column":66}}]},"8":{"line":53,"type":"if","locations":[{"start":{"line":53,"column":11},"end":{"line":53,"column":11}},{"start":{"line":53,"column":11},"end":{"line":53,"column":11}}]},"9":{"line":78,"type":"cond-expr","locations":[{"start":{"line":79,"column":20},"end":{"line":79,"column":60}},{"start":{"line":80,"column":20},"end":{"line":80,"column":57}}]},"10":{"line":88,"type":"cond-expr","locations":[{"start":{"line":88,"column":47},"end":{"line":88,"column":62}},{"start":{"line":88,"column":65},"end":{"line":88,"column":76}}]}}}}