TN:
SF:/Users/oddjobsman/Projects/gulp-sloc/index.js
FN:9,gulpSloc
FN:25,(anonymous_2)
FN:29,writeJsonReport
FN:41,calculateSloc
FN:58,(anonymous_5)
FN:65,printReport
FNF:6
FNH:6
FNDA:7,gulpSloc
FNDA:7,(anonymous_2)
FNDA:4,writeJsonReport
FNDA:19,calculateSloc
FNDA:96,(anonymous_5)
FNDA:3,printReport
DA:3,1
DA:4,1
DA:5,1
DA:6,1
DA:7,1
DA:9,1
DA:10,7
DA:11,7
DA:12,7
DA:13,7
DA:15,7
DA:21,7
DA:22,0
DA:25,7
DA:27,7
DA:29,1
DA:32,4
DA:37,4
DA:38,4
DA:41,1
DA:42,19
DA:43,19
DA:45,19
DA:46,0
DA:48,19
DA:52,19
DA:53,16
DA:55,16
DA:58,16
DA:59,96
DA:62,16
DA:65,1
DA:68,3
DA:69,3
DA:70,3
DA:71,3
DA:72,3
DA:73,3
DA:74,3
DA:75,3
DA:76,3
DA:78,3
DA:82,3
DA:83,3
DA:85,3
DA:88,7
DA:90,7
DA:94,1
LF:48
LH:46
BRDA:19,1,0,7
BRDA:19,1,1,2
BRDA:21,2,0,0
BRDA:21,2,1,7
BRDA:21,3,0,7
BRDA:21,3,1,4
BRDA:45,4,0,0
BRDA:45,4,1,19
BRDA:48,5,0,19
BRDA:48,5,1,0
BRDA:52,6,0,3
BRDA:52,6,1,16
BRDA:52,7,0,19
BRDA:52,7,1,9
BRDA:53,8,0,3
BRDA:53,8,1,13
BRDA:78,9,0,1
BRDA:78,9,1,2
BRDA:88,10,0,4
BRDA:88,10,1,3
BRF:20
BRH:17
end_of_record
